<?xml version="1.0" encoding="UTF-8"?>
<testsuite xmlns:xsi="http://www.w3.org/2001/XMLSchema-instance" xsi:noNamespaceSchemaLocation="https://maven.apache.org/surefire/maven-surefire-plugin/xsd/surefire-test-report.xsd" name="functionalTestsJUnit5.particaoTest" time="0.015" tests="3" errors="0" skipped="0" failures="0">
  <properties>
[...]
</properties>
  <testcase name="testFaturaPaga1" classname="functionalTestsJUnit5.particaoTest" time="0"/>
  <testcase name="testErroListaVazia" classname="functionalTestsJUnit5.particaoTest" time="0"/>
  <testcase name="testFaturaNaoPaga1" classname="functionalTestsJUnit5.particaoTest" time="0"/>
</testsuite>