<?xml version="1.0" encoding="UTF-8"?>
<coverage generated="1695685155072" clover="4.4.1">
   <project name="processadorBoletos 1.0-SNAPSHOT" timestamp="1695685145476">
      <metrics coveredelements="43" complexity="13" loc="114" methods="9" classes="6" statements="28" packages="1" coveredconditionals="6" coveredmethods="9" elements="43" ncloc="85" files="6" conditionals="6" coveredstatements="28"/>
      <package name="com.mycompany.app">
         <metrics coveredelements="43" complexity="13" loc="114" methods="9" classes="6" statements="28" coveredconditionals="6" coveredmethods="9" elements="43" ncloc="85" files="6" conditionals="6" coveredstatements="28"/>
         <file path="C:\Users\Gabriel\Documents\tdd\processadorBoletos\src\main\java\com\mycompany\app\Boleto.java" name="Boleto.java">
            <metrics coveredelements="6" coveredconditionals="0" complexity="2" loc="21" coveredmethods="2" methods="2" elements="6" classes="1" ncloc="15" statements="4" conditionals="0" coveredstatements="4"/>
            <class name="Boleto">
               <metrics coveredelements="6" coveredconditionals="0" complexity="2" coveredmethods="2" methods="2" elements="6" statements="4" conditionals="0" coveredstatements="4"/>
            </class>
            <line complexity="1" visibility="public" signature="Boleto(String,LocalDate,Double)" num="11" count="192" type="method"/>
            <line num="12" count="192" type="stmt"/>
            <line num="13" count="192" type="stmt"/>
            <line num="14" count="192" type="stmt"/>
            <line complexity="1" visibility="public" signature="getValor() : Double" num="17" count="141" type="method"/>
            <line num="18" count="141" type="stmt"/>
         </file>
         <file path="C:\Users\Gabriel\Documents\tdd\processadorBoletos\src\main\java\com\mycompany\app\Fatura.java" name="Fatura.java">
            <metrics coveredelements="13" coveredconditionals="0" complexity="5" loc="35" coveredmethods="5" methods="5" elements="13" classes="1" ncloc="26" statements="8" conditionals="0" coveredstatements="8"/>
            <class name="Fatura">
               <metrics coveredelements="13" coveredconditionals="0" complexity="5" coveredmethods="5" methods="5" elements="13" statements="8" conditionals="0" coveredstatements="8"/>
            </class>
            <line complexity="1" visibility="public" signature="Fatura(LocalDate,Double,String)" num="12" count="22" type="method"/>
            <line num="13" count="22" type="stmt"/>
            <line num="14" count="22" type="stmt"/>
            <line num="15" count="22" type="stmt"/>
            <line num="16" count="22" type="stmt"/>
            <line complexity="1" visibility="public" signature="setFaturaPaga() : void" num="19" count="7" type="method"/>
            <line num="20" count="7" type="stmt"/>
            <line complexity="1" visibility="public" signature="getValor() : Double" num="23" count="14" type="method"/>
            <line num="24" count="14" type="stmt"/>
            <line complexity="1" visibility="public" signature="subtraiValor(Double) : void" num="27" count="47" type="method"/>
            <line num="28" count="47" type="stmt"/>
            <line complexity="1" visibility="public" signature="getSituacao() : SituacaoBoleto" num="31" count="14" type="method"/>
            <line num="32" count="14" type="stmt"/>
         </file>
         <file path="C:\Users\Gabriel\Documents\tdd\processadorBoletos\src\main\java\com\mycompany\app\Pagamento.java" name="Pagamento.java">
            <metrics coveredelements="6" coveredconditionals="0" complexity="1" loc="21" coveredmethods="1" methods="1" elements="6" classes="1" ncloc="16" statements="5" conditionals="0" coveredstatements="5"/>
            <class name="Pagamento">
               <metrics coveredelements="6" coveredconditionals="0" complexity="1" coveredmethods="1" methods="1" elements="6" statements="5" conditionals="0" coveredstatements="5"/>
            </class>
            <line complexity="1" visibility="public" signature="Pagamento(Double,LocalDate,TipoPagamento,Boleto,Fatura)" num="13" count="48" type="method"/>
            <line num="14" count="48" type="stmt"/>
            <line num="15" count="48" type="stmt"/>
            <line num="16" count="48" type="stmt"/>
            <line num="17" count="48" type="stmt"/>
            <line num="18" count="48" type="stmt"/>
         </file>
         <file path="C:\Users\Gabriel\Documents\tdd\processadorBoletos\src\main\java\com\mycompany\app\Processador.java" name="Processador.java">
            <metrics coveredelements="18" coveredconditionals="6" complexity="5" loc="26" coveredmethods="1" methods="1" elements="18" classes="1" ncloc="19" statements="11" conditionals="6" coveredstatements="11"/>
            <class name="Processador">
               <metrics coveredelements="18" coveredconditionals="6" complexity="5" coveredmethods="1" methods="1" elements="18" statements="11" conditionals="6" coveredstatements="11"/>
            </class>
            <line complexity="5" visibility="public" signature="processarBoletos(Boleto[],Fatura) : void" num="7" count="20" type="method"/>
            <line num="8" count="20" type="stmt"/>
            <line falsecount="14" truecount="6" num="8" type="cond"/>
            <line num="9" count="6" type="stmt"/>
            <line num="12" count="14" type="stmt"/>
            <line num="13" count="14" type="stmt"/>
            <line num="15" count="14" type="stmt"/>
            <line falsecount="14" truecount="47" num="15" type="cond"/>
            <line num="16" count="47" type="stmt"/>
            <line num="17" count="47" type="stmt"/>
            <line num="18" count="47" type="stmt"/>
            <line num="19" count="47" type="stmt"/>
            <line num="22" count="14" type="stmt"/>
            <line falsecount="7" truecount="7" num="22" type="cond"/>
            <line num="23" count="7" type="stmt"/>
         </file>
         <file path="C:\Users\Gabriel\Documents\tdd\processadorBoletos\src\main\java\com\mycompany\app\SituacaoBoleto.java" name="SituacaoBoleto.java">
            <metrics coveredelements="0" coveredconditionals="0" complexity="0" loc="6" coveredmethods="0" methods="0" elements="0" classes="1" ncloc="5" statements="0" conditionals="0" coveredstatements="0"/>
            <class name="SituacaoBoleto">
               <metrics coveredelements="0" coveredconditionals="0" complexity="0" coveredmethods="0" methods="0" elements="0" statements="0" conditionals="0" coveredstatements="0"/>
            </class>
         </file>
         <file path="C:\Users\Gabriel\Documents\tdd\processadorBoletos\src\main\java\com\mycompany\app\TipoPagamento.java" name="TipoPagamento.java">
            <metrics coveredelements="0" coveredconditionals="0" complexity="0" loc="5" coveredmethods="0" methods="0" elements="0" classes="1" ncloc="4" statements="0" conditionals="0" coveredstatements="0"/>
            <class name="TipoPagamento">
               <metrics coveredelements="0" coveredconditionals="0" complexity="0" coveredmethods="0" methods="0" elements="0" statements="0" conditionals="0" coveredstatements="0"/>
            </class>
         </file>
      </package>
   </project>
   <testproject name="processadorBoletos 1.0-SNAPSHOT" timestamp="1695685145476">
      <metrics coveredelements="101" complexity="34" loc="614" methods="28" classes="10" statements="89" packages="3" coveredconditionals="0" coveredmethods="23" elements="117" ncloc="418" files="10" conditionals="0" coveredstatements="78"/>
      <package name="com.mycompany.app">
         <metrics coveredelements="17" complexity="5" loc="104" methods="5" classes="4" statements="12" coveredconditionals="0" coveredmethods="5" elements="17" ncloc="66" files="4" conditionals="0" coveredstatements="12"/>
         <file path="C:\Users\Gabriel\Documents\tdd\processadorBoletos\src\test\java\com\mycompany\app\BoletoTest.java" name="BoletoTest.java">
            <metrics coveredelements="3" coveredconditionals="0" complexity="1" loc="20" coveredmethods="1" methods="1" elements="3" classes="1" ncloc="11" statements="2" conditionals="0" coveredstatements="2"/>
            <class name="BoletoTest">
               <metrics coveredelements="3" complexity="1" methods="1" testruns="1" statements="2" coveredconditionals="0" coveredmethods="1" elements="3" testfailures="0" testduration="0.047" conditionals="0" coveredstatements="2" testpasses="1"/>
            </class>
            <line complexity="1" visibility="public" signature="testBoleto() : void" num="11" testsuccess="true" count="1" testduration="0.047" type="method"/>
            <line num="13" count="1" type="stmt"/>
            <line num="16" count="1" type="stmt"/>
         </file>
         <file path="C:\Users\Gabriel\Documents\tdd\processadorBoletos\src\test\java\com\mycompany\app\FaturaTest.java" name="FaturaTest.java">
            <metrics coveredelements="3" coveredconditionals="0" complexity="1" loc="18" coveredmethods="1" methods="1" elements="3" classes="1" ncloc="11" statements="2" conditionals="0" coveredstatements="2"/>
            <class name="FaturaTest">
               <metrics coveredelements="3" complexity="1" methods="1" testruns="1" statements="2" coveredconditionals="0" coveredmethods="1" elements="3" testfailures="0" testduration="0.008" conditionals="0" coveredstatements="2" testpasses="1"/>
            </class>
            <line complexity="1" visibility="public" signature="testFatura() : void" num="10" testsuccess="true" count="1" testduration="0.008" type="method"/>
            <line num="12" count="1" type="stmt"/>
            <line num="15" count="1" type="stmt"/>
         </file>
         <file path="C:\Users\Gabriel\Documents\tdd\processadorBoletos\src\test\java\com\mycompany\app\PagamentoTest.java" name="PagamentoTest.java">
            <metrics coveredelements="3" coveredconditionals="0" complexity="1" loc="20" coveredmethods="1" methods="1" elements="3" classes="1" ncloc="13" statements="2" conditionals="0" coveredstatements="2"/>
            <class name="PagamentoTest">
               <metrics coveredelements="3" complexity="1" methods="1" testruns="1" statements="2" coveredconditionals="0" coveredmethods="1" elements="3" testfailures="0" testduration="0.021" conditionals="0" coveredstatements="2" testpasses="1"/>
            </class>
            <line complexity="1" visibility="public" signature="testPagamento() : void" num="10" testsuccess="true" count="1" testduration="0.021" type="method"/>
            <line num="12" count="1" type="stmt"/>
            <line num="17" count="1" type="stmt"/>
         </file>
         <file path="C:\Users\Gabriel\Documents\tdd\processadorBoletos\src\test\java\com\mycompany\app\ProcessadorTest.java" name="ProcessadorTest.java">
            <metrics coveredelements="8" coveredconditionals="0" complexity="2" loc="46" coveredmethods="2" methods="2" elements="8" classes="1" ncloc="31" statements="6" conditionals="0" coveredstatements="6"/>
            <class name="ProcessadorTest">
               <metrics coveredelements="8" complexity="2" methods="2" testruns="2" statements="6" coveredconditionals="0" coveredmethods="2" elements="8" testfailures="0" testduration="0.002" conditionals="0" coveredstatements="6" testpasses="2"/>
            </class>
            <line complexity="1" visibility="public" signature="testFaturaPaga() : void" num="27" testsuccess="true" count="1" testduration="0.0" type="method"/>
            <line num="30" count="1" type="stmt"/>
            <line num="31" count="1" type="stmt"/>
            <line num="33" count="1" type="stmt"/>
            <line complexity="1" visibility="public" signature="testFaturaNaoPaga() : void" num="37" testsuccess="true" count="1" testduration="0.002" type="method"/>
            <line num="40" count="1" type="stmt"/>
            <line num="41" count="1" type="stmt"/>
            <line num="43" count="1" type="stmt"/>
         </file>
      </package>
      <package name="functionalTests">
         <metrics coveredelements="50" complexity="15" loc="259" methods="12" classes="3" statements="42" coveredconditionals="0" coveredmethods="11" elements="54" ncloc="169" files="3" conditionals="0" coveredstatements="39"/>
         <file path="C:\Users\Gabriel\Documents\tdd\processadorBoletos\src\test\java\functionalTests\avlTest.java" name="avlTest.java">
            <metrics coveredelements="22" coveredconditionals="0" complexity="7" loc="119" coveredmethods="5" methods="6" elements="26" classes="1" ncloc="77" statements="20" conditionals="0" coveredstatements="17"/>
            <class name="avlTest">
               <metrics coveredelements="22" complexity="7" methods="6" testruns="5" statements="20" coveredconditionals="0" coveredmethods="5" elements="26" testfailures="0" testduration="0.0" conditionals="0" coveredstatements="17" testpasses="5"/>
            </class>
            <line complexity="2" visibility="public" signature="testErroListaVazia() : void" num="53" testsuccess="true" count="1" testduration="0.0" type="method"/>
            <line num="55" count="1" type="stmt"/>
            <line num="57" count="1" type="stmt"/>
            <line num="58" count="1" type="stmt"/>
            <line num="60" count="1" type="stmt"/>
            <line num="63" count="1" type="stmt"/>
            <line complexity="1" visibility="public" signature="testFaturaNaoPaga1() : void" num="67" testsuccess="true" count="1" testduration="0.0" type="method"/>
            <line num="70" count="1" type="stmt"/>
            <line num="71" count="1" type="stmt"/>
            <line num="73" count="1" type="stmt"/>
            <line complexity="1" visibility="public" signature="testFaturaPaga1() : void" num="78" testsuccess="true" count="1" testduration="0.0" type="method"/>
            <line num="81" count="1" type="stmt"/>
            <line num="82" count="1" type="stmt"/>
            <line num="84" count="1" type="stmt"/>
            <line complexity="1" visibility="public" signature="testFaturaPaga2() : void" num="89" testsuccess="true" count="1" testduration="0.0" type="method"/>
            <line num="92" count="1" type="stmt"/>
            <line num="93" count="1" type="stmt"/>
            <line num="95" count="1" type="stmt"/>
            <line complexity="1" visibility="public" signature="testFaturaNaoPaga2() : void" num="100" testsuccess="true" count="1" testduration="0.0" type="method"/>
            <line num="103" count="1" type="stmt"/>
            <line num="104" count="1" type="stmt"/>
            <line num="106" count="1" type="stmt"/>
            <line complexity="1" visibility="public" signature="testFaturaPaga3() : void" num="111" count="0" type="method"/>
            <line num="113" count="0" type="stmt"/>
            <line num="114" count="0" type="stmt"/>
            <line num="116" count="0" type="stmt"/>
         </file>
         <file path="C:\Users\Gabriel\Documents\tdd\processadorBoletos\src\test\java\functionalTests\particaoTest.java" name="particaoTest.java">
            <metrics coveredelements="14" coveredconditionals="0" complexity="4" loc="71" coveredmethods="3" methods="3" elements="14" classes="1" ncloc="46" statements="11" conditionals="0" coveredstatements="11"/>
            <class name="particaoTest">
               <metrics coveredelements="14" complexity="4" methods="3" testruns="3" statements="11" coveredconditionals="0" coveredmethods="3" elements="14" testfailures="0" testduration="0.001" conditionals="0" coveredstatements="11" testpasses="3"/>
            </class>
            <line complexity="1" visibility="public" signature="testFaturaNaoPaga1() : void" num="37" testsuccess="true" count="1" testduration="0.0" type="method"/>
            <line num="40" count="1" type="stmt"/>
            <line num="41" count="1" type="stmt"/>
            <line num="43" count="1" type="stmt"/>
            <line complexity="2" visibility="public" signature="testErroListaVazia() : void" num="48" testsuccess="true" count="1" testduration="0.0" type="method"/>
            <line num="50" count="1" type="stmt"/>
            <line num="52" count="1" type="stmt"/>
            <line num="53" count="1" type="stmt"/>
            <line num="55" count="1" type="stmt"/>
            <line num="58" count="1" type="stmt"/>
            <line complexity="1" visibility="public" signature="testFaturaPaga1() : void" num="62" testsuccess="true" count="1" testduration="0.001" type="method"/>
            <line num="65" count="1" type="stmt"/>
            <line num="66" count="1" type="stmt"/>
            <line num="68" count="1" type="stmt"/>
         </file>
         <file path="C:\Users\Gabriel\Documents\tdd\processadorBoletos\src\test\java\functionalTests\tabelaDecisaoTest.java" name="tabelaDecisaoTest.java">
            <metrics coveredelements="14" coveredconditionals="0" complexity="4" loc="69" coveredmethods="3" methods="3" elements="14" classes="1" ncloc="46" statements="11" conditionals="0" coveredstatements="11"/>
            <class name="tabelaDecisaoTest">
               <metrics coveredelements="14" complexity="4" methods="3" testruns="3" statements="11" coveredconditionals="0" coveredmethods="3" elements="14" testfailures="0" testduration="0.0" conditionals="0" coveredstatements="11" testpasses="3"/>
            </class>
            <line complexity="1" visibility="public" signature="testFaturaPaga1() : void" num="35" testsuccess="true" count="1" testduration="0.0" type="method"/>
            <line num="38" count="1" type="stmt"/>
            <line num="39" count="1" type="stmt"/>
            <line num="41" count="1" type="stmt"/>
            <line complexity="1" visibility="public" signature="testFaturaNaoPaga1() : void" num="46" testsuccess="true" count="1" testduration="0.0" type="method"/>
            <line num="49" count="1" type="stmt"/>
            <line num="50" count="1" type="stmt"/>
            <line num="52" count="1" type="stmt"/>
            <line complexity="2" visibility="public" signature="testErroListaVazia() : void" num="57" testsuccess="true" count="1" testduration="0.0" type="method"/>
            <line num="59" count="1" type="stmt"/>
            <line num="61" count="1" type="stmt"/>
            <line num="62" count="1" type="stmt"/>
            <line num="64" count="1" type="stmt"/>
            <line num="67" count="1" type="stmt"/>
         </file>
      </package>
      <package name="functionalTestsJUnit5">
         <metrics coveredelements="34" complexity="14" loc="251" methods="11" classes="3" statements="35" coveredconditionals="0" coveredmethods="7" elements="46" ncloc="183" files="3" conditionals="0" coveredstatements="27"/>
         <file path="C:\Users\Gabriel\Documents\tdd\processadorBoletos\src\test\java\functionalTestsJUnit5\avlTest.java" name="avlTest.java">
            <metrics coveredelements="6" coveredconditionals="0" complexity="6" loc="103" coveredmethods="1" methods="5" elements="18" classes="1" ncloc="83" statements="13" conditionals="0" coveredstatements="5"/>
            <class name="avlTest">
               <metrics coveredelements="6" complexity="6" methods="5" testruns="1" statements="13" coveredconditionals="0" coveredmethods="1" elements="18" testfailures="0" testduration="0.046" conditionals="0" coveredstatements="5" testpasses="1"/>
            </class>
            <line complexity="1" visibility="package" signature="boletosFaturaPaga() : Collection&lt;Object[]&gt;" num="57" count="0" type="method"/>
            <line num="58" count="0" type="stmt"/>
            <line complexity="1" visibility="package" signature="boletosFaturaNaoPaga() : Collection&lt;Object[]&gt;" num="65" count="0" type="method"/>
            <line num="66" count="0" type="stmt"/>
            <line complexity="2" visibility="public" signature="testErroListaVazia() : void" num="72" testsuccess="true" count="1" testduration="0.046" type="method"/>
            <line num="75" count="1" type="stmt"/>
            <line num="77" count="1" type="stmt"/>
            <line num="78" count="1" type="stmt"/>
            <line num="80" count="1" type="stmt"/>
            <line num="83" count="1" type="stmt"/>
            <line complexity="1" visibility="public" signature="testFaturaPaga(Boleto[],Fatura) : void" num="86" count="0" type="method"/>
            <line num="90" count="0" type="stmt"/>
            <line num="91" count="0" type="stmt"/>
            <line num="92" count="0" type="stmt"/>
            <line complexity="1" visibility="public" signature="testFaturaNaoPaga(Boleto[],Fatura) : void" num="95" count="0" type="method"/>
            <line num="99" count="0" type="stmt"/>
            <line num="100" count="0" type="stmt"/>
            <line num="101" count="0" type="stmt"/>
         </file>
         <file path="C:\Users\Gabriel\Documents\tdd\processadorBoletos\src\test\java\functionalTestsJUnit5\particaoTest.java" name="particaoTest.java">
            <metrics coveredelements="14" coveredconditionals="0" complexity="4" loc="75" coveredmethods="3" methods="3" elements="14" classes="1" ncloc="50" statements="11" conditionals="0" coveredstatements="11"/>
            <class name="particaoTest">
               <metrics coveredelements="14" complexity="4" methods="3" testruns="3" statements="11" coveredconditionals="0" coveredmethods="3" elements="14" testfailures="0" testduration="0.0" conditionals="0" coveredstatements="11" testpasses="3"/>
            </class>
            <line complexity="1" visibility="public" signature="testFaturaNaoPaga1() : void" num="38" testsuccess="true" count="1" testduration="0.0" type="method"/>
            <line num="42" count="1" type="stmt"/>
            <line num="43" count="1" type="stmt"/>
            <line num="45" count="1" type="stmt"/>
            <line complexity="2" visibility="public" signature="testErroListaVazia() : void" num="50" testsuccess="true" count="1" testduration="0.0" type="method"/>
            <line num="53" count="1" type="stmt"/>
            <line num="55" count="1" type="stmt"/>
            <line num="56" count="1" type="stmt"/>
            <line num="58" count="1" type="stmt"/>
            <line num="61" count="1" type="stmt"/>
            <line complexity="1" visibility="public" signature="testFaturaPaga1() : void" num="65" testsuccess="true" count="1" testduration="0.0" type="method"/>
            <line num="69" count="1" type="stmt"/>
            <line num="70" count="1" type="stmt"/>
            <line num="72" count="1" type="stmt"/>
         </file>
         <file path="C:\Users\Gabriel\Documents\tdd\processadorBoletos\src\test\java\functionalTestsJUnit5\tabelaDecisaoTest.java" name="tabelaDecisaoTest.java">
            <metrics coveredelements="14" coveredconditionals="0" complexity="4" loc="73" coveredmethods="3" methods="3" elements="14" classes="1" ncloc="50" statements="11" conditionals="0" coveredstatements="11"/>
            <class name="tabelaDecisaoTest">
               <metrics coveredelements="14" complexity="4" methods="3" testruns="3" statements="11" coveredconditionals="0" coveredmethods="3" elements="14" testfailures="0" testduration="0.0" conditionals="0" coveredstatements="11" testpasses="3"/>
            </class>
            <line complexity="1" visibility="public" signature="testFaturaPaga1() : void" num="36" testsuccess="true" count="1" testduration="0.0" type="method"/>
            <line num="40" count="1" type="stmt"/>
            <line num="41" count="1" type="stmt"/>
            <line num="43" count="1" type="stmt"/>
            <line complexity="1" visibility="public" signature="testFaturaNaoPaga1() : void" num="48" testsuccess="true" count="1" testduration="0.0" type="method"/>
            <line num="52" count="1" type="stmt"/>
            <line num="53" count="1" type="stmt"/>
            <line num="55" count="1" type="stmt"/>
            <line complexity="2" visibility="public" signature="testErroListaVazia() : void" num="60" testsuccess="true" count="1" testduration="0.0" type="method"/>
            <line num="63" count="1" type="stmt"/>
            <line num="65" count="1" type="stmt"/>
            <line num="66" count="1" type="stmt"/>
            <line num="68" count="1" type="stmt"/>
            <line num="71" count="1" type="stmt"/>
         </file>
      </package>
   </testproject>
</coverage>